Atualizando dependencias do Volume...
Requirement already satisfied: flask in c:\volume\shipping_ai\.venv\lib\site-packages (from -r C:\Volume\shipping_ai\requirements.txt (line 1)) (3.1.3)
Requirement already satisfied: pandas in c:\volume\shipping_ai\.venv\lib\site-packages (from -r C:\Volume\shipping_ai\requirements.txt (line 2)) (3.0.1)
Requirement already satisfied: openpyxl in c:\volume\shipping_ai\.venv\lib\site-packages (from -r C:\Volume\shipping_ai\requirements.txt (line 3)) (3.1.5)
Requirement already satisfied: pypdf in c:\volume\shipping_ai\.venv\lib\site-packages (from -r C:\Volume\shipping_ai\requirements.txt (line 4)) (6.8.0)
Requirement already satisfied: waitress in c:\volume\shipping_ai\.venv\lib\site-packages (from -r C:\Volume\shipping_ai\requirements.txt (line 5)) (3.0.2)
Requirement already satisfied: cryptography in c:\volume\shipping_ai\.venv\lib\site-packages (from -r C:\Volume\shipping_ai\requirements.txt (line 6)) (46.0.7)
Requirement already satisfied: blinker>=1.9.0 in c:\volume\shipping_ai\.venv\lib\site-packages (from flask->-r C:\Volume\shipping_ai\requirements.txt (line 1)) (1.9.0)
Requirement already satisfied: click>=8.1.3 in c:\volume\shipping_ai\.venv\lib\site-packages (from flask->-r C:\Volume\shipping_ai\requirements.txt (line 1)) (8.3.1)
Requirement already satisfied: itsdangerous>=2.2.0 in c:\volume\shipping_ai\.venv\lib\site-packages (from flask->-r C:\Volume\shipping_ai\requirements.txt (line 1)) (2.2.0)
Requirement already satisfied: jinja2>=3.1.2 in c:\volume\shipping_ai\.venv\lib\site-packages (from flask->-r C:\Volume\shipping_ai\requirements.txt (line 1)) (3.1.6)
Requirement already satisfied: markupsafe>=2.1.1 in c:\volume\shipping_ai\.venv\lib\site-packages (from flask->-r C:\Volume\shipping_ai\requirements.txt (line 1)) (3.0.3)
Requirement already satisfied: werkzeug>=3.1.0 in c:\volume\shipping_ai\.venv\lib\site-packages (from flask->-r C:\Volume\shipping_ai\requirements.txt (line 1)) (3.1.6)
Requirement already satisfied: numpy>=2.3.3 in c:\volume\shipping_ai\.venv\lib\site-packages (from pandas->-r C:\Volume\shipping_ai\requirements.txt (line 2)) (2.4.3)
Requirement already satisfied: python-dateutil>=2.8.2 in c:\volume\shipping_ai\.venv\lib\site-packages (from pandas->-r C:\Volume\shipping_ai\requirements.txt (line 2)) (2.9.0.post0)
Requirement already satisfied: tzdata in c:\volume\shipping_ai\.venv\lib\site-packages (from pandas->-r C:\Volume\shipping_ai\requirements.txt (line 2)) (2025.3)
Requirement already satisfied: et-xmlfile in c:\volume\shipping_ai\.venv\lib\site-packages (from openpyxl->-r C:\Volume\shipping_ai\requirements.txt (line 3)) (2.0.0)
Requirement already satisfied: cffi>=2.0.0 in c:\volume\shipping_ai\.venv\lib\site-packages (from cryptography->-r C:\Volume\shipping_ai\requirements.txt (line 6)) (2.0.0)
Requirement already satisfied: pycparser in c:\volume\shipping_ai\.venv\lib\site-packages (from cffi>=2.0.0->cryptography->-r C:\Volume\shipping_ai\requirements.txt (line 6)) (3.0)
Requirement already satisfied: colorama in c:\volume\shipping_ai\.venv\lib\site-packages (from click>=8.1.3->flask->-r C:\Volume\shipping_ai\requirements.txt (line 1)) (0.4.6)
Requirement already satisfied: six>=1.5 in c:\volume\shipping_ai\.venv\lib\site-packages (from python-dateutil>=2.8.2->pandas->-r C:\Volume\shipping_ai\requirements.txt (line 2)) (1.17.0)
Iniciando Volume em https://volume.local:6100
Bind interno: https://0.0.0.0:6100
